<?xml version="1.0" encoding="UTF-8"?>
<testng-results skipped="0" failed="1" ignored="9" total="11" passed="1">
  <reporter-output>
  </reporter-output>
  <suite name="Test Suite: CIL Test Suite" duration-ms="91794" started-at="2018-01-04T10:59:03Z" finished-at="2018-01-04T11:00:35Z">
    <groups>
    </groups>
    <test name="CIL Test Cases" duration-ms="91794" started-at="2018-01-04T10:59:03Z" finished-at="2018-01-04T11:00:35Z">
      <class name="com.cil.ui.CILTestSuite">
        <test-method status="PASS" signature="beforeSuiteExtentSetup()[pri:0, instance:com.cil.ui.CILTestSuite@553a3d88]" name="beforeSuiteExtentSetup" is-config="true" duration-ms="223" started-at="2018-01-04T16:29:03Z" finished-at="2018-01-04T16:29:03Z">
          <reporter-output>
          </reporter-output>
        </test-method> <!-- beforeSuiteExtentSetup -->
        <test-method status="PASS" signature="setUp(java.lang.String)[pri:0, instance:com.cil.ui.CILTestSuite@553a3d88]" name="setUp" is-config="true" duration-ms="9163" started-at="2018-01-04T16:29:03Z" finished-at="2018-01-04T16:29:13Z">
          <params>
            <param index="0">
              <value>
                <![CDATA[Chrome]]>
              </value>
            </param>
          </params>
          <reporter-output>
          </reporter-output>
        </test-method> <!-- setUp -->
        <test-method status="PASS" signature="beforeMethodExtentSetup(java.lang.reflect.Method)[pri:0, instance:com.cil.ui.CILTestSuite@553a3d88]" name="beforeMethodExtentSetup" is-config="true" duration-ms="5426" started-at="2018-01-04T16:29:13Z" finished-at="2018-01-04T16:29:18Z">
          <params>
            <param index="0">
              <value>
                <![CDATA[public void com.cil.ui.CILTestSuite.VerifyLinksOnCILHomePage() throws java.io.IOException,java.lang.InterruptedException]]>
              </value>
            </param>
          </params>
          <reporter-output>
          </reporter-output>
        </test-method> <!-- beforeMethodExtentSetup -->
        <test-method status="PASS" signature="VerifyLinksOnCILHomePage()[pri:1, instance:com.cil.ui.CILTestSuite@553a3d88]" name="VerifyLinksOnCILHomePage" duration-ms="9438" started-at="2018-01-04T16:29:18Z" finished-at="2018-01-04T16:29:27Z">
          <reporter-output>
          </reporter-output>
        </test-method> <!-- VerifyLinksOnCILHomePage -->
        <test-method status="PASS" signature="getResult(org.testng.ITestResult)[pri:0, instance:com.cil.ui.CILTestSuite@553a3d88]" name="getResult" is-config="true" duration-ms="3" started-at="2018-01-04T16:29:28Z" finished-at="2018-01-04T16:29:28Z">
          <params>
            <param index="0">
              <value>
                <![CDATA[[TestResult name=VerifyLinksOnCILHomePage status=SUCCESS method=CILTestSuite.VerifyLinksOnCILHomePage()[pri:1, instance:com.cil.ui.CILTestSuite@553a3d88] output={null}]]]>
              </value>
            </param>
          </params>
          <reporter-output>
          </reporter-output>
        </test-method> <!-- getResult -->
        <test-method status="PASS" signature="beforeMethodExtentSetup(java.lang.reflect.Method)[pri:0, instance:com.cil.ui.CILTestSuite@553a3d88]" name="beforeMethodExtentSetup" is-config="true" duration-ms="5032" started-at="2018-01-04T16:29:28Z" finished-at="2018-01-04T16:29:33Z">
          <params>
            <param index="0">
              <value>
                <![CDATA[public void com.cil.ui.CILTestSuite.VerifySignUpFunctionalityOnCILTest() throws java.io.IOException,java.lang.InterruptedException]]>
              </value>
            </param>
          </params>
          <reporter-output>
          </reporter-output>
        </test-method> <!-- beforeMethodExtentSetup -->
        <test-method status="FAIL" signature="VerifySignUpFunctionalityOnCILTest()[pri:2, instance:com.cil.ui.CILTestSuite@553a3d88]" name="VerifySignUpFunctionalityOnCILTest" duration-ms="60052" started-at="2018-01-04T16:29:33Z" finished-at="2018-01-04T16:30:33Z">
          <exception class="org.openqa.selenium.NoSuchElementException">
            <message>
              <![CDATA[no such element: Unable to locate element: {"method":"xpath","selector":"//input[@name= 'username']"}  (Session info: chrome=63.0.3239.84)  (Driver info: chromedriver=2.33.506120 (e3e53437346286c0bc2d2dc9aa4915ba81d9023f),platform=Windows NT 6.1.7601 SP1 x86_64) (WARNING: The server did not provide any stacktrace information)Command duration or timeout: 0 millisecondsFor documentation on this error, please visit: http://seleniumhq.org/exceptions/no_such_element.htmlBuild info: version: '3.8.0', revision: '924c4067df', time: '2017-11-30T11:36:59.109Z'System info: host: 'DS-C101AA553646', ip: '10.118.4.57', os.name: 'Windows 7', os.arch: 'amd64', os.version: '6.1', java.version: '1.8.0_121'Driver info: org.openqa.selenium.chrome.ChromeDriverCapabilities {acceptSslCerts: true, applicationCacheEnabled: false, browserConnectionEnabled: false, browserName: chrome, chrome: {chromedriverVersion: 2.33.506120 (e3e53437346286..., userDataDir: D:\Users\INNOVATION LAB\App...}, cssSelectorsEnabled: true, databaseEnabled: false, handlesAlerts: true, hasTouchScreen: false, javascriptEnabled: true, locationContextEnabled: true, mobileEmulationEnabled: false, nativeEvents: true, networkConnectionEnabled: false, pageLoadStrategy: normal, platform: XP, platformName: XP, rotatable: false, setWindowRect: true, takesHeapSnapshot: true, takesScreenshot: true, unexpectedAlertBehaviour: , unhandledPromptBehavior: , version: 63.0.3239.84, webStorageEnabled: true}Session ID: 7f63d4a4c6e8af17e55e39d795e6e873*** Element info: {Using=xpath, value=//input[@name= 'username']}]]>
            </message>
            <full-stacktrace>
              <![CDATA[org.openqa.selenium.NoSuchElementException: no such element: Unable to locate element: {"method":"xpath","selector":"//input[@name= 'username']"}  (Session info: chrome=63.0.3239.84)  (Driver info: chromedriver=2.33.506120 (e3e53437346286c0bc2d2dc9aa4915ba81d9023f),platform=Windows NT 6.1.7601 SP1 x86_64) (WARNING: The server did not provide any stacktrace information)Command duration or timeout: 0 millisecondsFor documentation on this error, please visit: http://seleniumhq.org/exceptions/no_such_element.htmlBuild info: version: '3.8.0', revision: '924c4067df', time: '2017-11-30T11:36:59.109Z'System info: host: 'DS-C101AA553646', ip: '10.118.4.57', os.name: 'Windows 7', os.arch: 'amd64', os.version: '6.1', java.version: '1.8.0_121'Driver info: org.openqa.selenium.chrome.ChromeDriverCapabilities {acceptSslCerts: true, applicationCacheEnabled: false, browserConnectionEnabled: false, browserName: chrome, chrome: {chromedriverVersion: 2.33.506120 (e3e53437346286..., userDataDir: D:\Users\INNOVATION LAB\App...}, cssSelectorsEnabled: true, databaseEnabled: false, handlesAlerts: true, hasTouchScreen: false, javascriptEnabled: true, locationContextEnabled: true, mobileEmulationEnabled: false, nativeEvents: true, networkConnectionEnabled: false, pageLoadStrategy: normal, platform: XP, platformName: XP, rotatable: false, setWindowRect: true, takesHeapSnapshot: true, takesScreenshot: true, unexpectedAlertBehaviour: , unhandledPromptBehavior: , version: 63.0.3239.84, webStorageEnabled: true}Session ID: 7f63d4a4c6e8af17e55e39d795e6e873*** Element info: {Using=xpath, value=//input[@name= 'username']}at sun.reflect.NativeConstructorAccessorImpl.newInstance0(Native Method)at sun.reflect.NativeConstructorAccessorImpl.newInstance(Unknown Source)at sun.reflect.DelegatingConstructorAccessorImpl.newInstance(Unknown Source)at java.lang.reflect.Constructor.newInstance(Unknown Source)at org.openqa.selenium.remote.ErrorHandler.createThrowable(ErrorHandler.java:214)at org.openqa.selenium.remote.ErrorHandler.throwIfResponseFailed(ErrorHandler.java:166)at org.openqa.selenium.remote.http.JsonHttpResponseCodec.reconstructValue(JsonHttpResponseCodec.java:40)at org.openqa.selenium.remote.http.AbstractHttpResponseCodec.decode(AbstractHttpResponseCodec.java:80)at org.openqa.selenium.remote.http.AbstractHttpResponseCodec.decode(AbstractHttpResponseCodec.java:44)at org.openqa.selenium.remote.HttpCommandExecutor.execute(HttpCommandExecutor.java:164)at org.openqa.selenium.remote.service.DriverCommandExecutor.execute(DriverCommandExecutor.java:83)at org.openqa.selenium.remote.RemoteWebDriver.execute(RemoteWebDriver.java:601)at org.openqa.selenium.remote.RemoteWebDriver.findElement(RemoteWebDriver.java:371)at org.openqa.selenium.remote.RemoteWebDriver.findElementByXPath(RemoteWebDriver.java:473)at org.openqa.selenium.By$ByXPath.findElement(By.java:361)at org.openqa.selenium.remote.RemoteWebDriver.findElement(RemoteWebDriver.java:363)at com.common.Base.type(Base.java:133)at com.cil.ui.CILPageMethods.VerifySignUpFunctionalityOnCILTest(CILPageMethods.java:289)at com.cil.ui.CILTestSuite.VerifySignUpFunctionalityOnCILTest(CILTestSuite.java:137)at sun.reflect.NativeMethodAccessorImpl.invoke0(Native Method)at sun.reflect.NativeMethodAccessorImpl.invoke(Unknown Source)at sun.reflect.DelegatingMethodAccessorImpl.invoke(Unknown Source)at java.lang.reflect.Method.invoke(Unknown Source)at org.testng.internal.MethodInvocationHelper.invokeMethod(MethodInvocationHelper.java:124)at org.testng.internal.Invoker.invokeMethod(Invoker.java:571)at org.testng.internal.Invoker.invokeTestMethod(Invoker.java:707)at org.testng.internal.Invoker.invokeTestMethods(Invoker.java:979)at org.testng.internal.TestMethodWorker.invokeTestMethods(TestMethodWorker.java:125)at org.testng.internal.TestMethodWorker.run(TestMethodWorker.java:109)at org.testng.TestRunner.privateRun(TestRunner.java:648)at org.testng.TestRunner.run(TestRunner.java:505)at org.testng.SuiteRunner.runTest(SuiteRunner.java:455)at org.testng.SuiteRunner.runSequentially(SuiteRunner.java:450)at org.testng.SuiteRunner.privateRun(SuiteRunner.java:415)at org.testng.SuiteRunner.run(SuiteRunner.java:364)at org.testng.SuiteRunnerWorker.runSuite(SuiteRunnerWorker.java:52)at org.testng.SuiteRunnerWorker.run(SuiteRunnerWorker.java:84)at org.testng.TestNG.runSuitesSequentially(TestNG.java:1187)at org.testng.TestNG.runSuitesLocally(TestNG.java:1116)at org.testng.TestNG.runSuites(TestNG.java:1028)at org.testng.TestNG.run(TestNG.java:996)at org.testng.remote.AbstractRemoteTestNG.run(AbstractRemoteTestNG.java:114)at org.testng.remote.RemoteTestNG.initAndRun(RemoteTestNG.java:251)at org.testng.remote.RemoteTestNG.main(RemoteTestNG.java:77)]]>
            </full-stacktrace>
          </exception> <!-- org.openqa.selenium.NoSuchElementException -->
          <reporter-output>
          </reporter-output>
        </test-method> <!-- VerifySignUpFunctionalityOnCILTest -->
        <test-method status="PASS" signature="getResult(org.testng.ITestResult)[pri:0, instance:com.cil.ui.CILTestSuite@553a3d88]" name="getResult" is-config="true" duration-ms="535" started-at="2018-01-04T16:30:33Z" finished-at="2018-01-04T16:30:33Z">
          <params>
            <param index="0">
              <value>
                <![CDATA[[TestResult name=VerifySignUpFunctionalityOnCILTest status=FAILURE method=CILTestSuite.VerifySignUpFunctionalityOnCILTest()[pri:2, instance:com.cil.ui.CILTestSuite@553a3d88] output={null}]]]>
              </value>
            </param>
          </params>
          <reporter-output>
          </reporter-output>
        </test-method> <!-- getResult -->
        <test-method status="PASS" signature="tearDown()[pri:0, instance:com.cil.ui.CILTestSuite@553a3d88]" name="tearDown" is-config="true" duration-ms="2120" started-at="2018-01-04T16:30:33Z" finished-at="2018-01-04T16:30:35Z">
          <reporter-output>
          </reporter-output>
        </test-method> <!-- tearDown -->
        <test-method status="PASS" signature="endReport()[pri:0, instance:com.cil.ui.CILTestSuite@553a3d88]" name="endReport" is-config="true" duration-ms="654" started-at="2018-01-04T16:30:35Z" finished-at="2018-01-04T16:30:36Z">
          <reporter-output>
          </reporter-output>
        </test-method> <!-- endReport -->
      </class> <!-- com.cil.ui.CILTestSuite -->
    </test> <!-- CIL Test Cases -->
  </suite> <!-- Test Suite: CIL Test Suite -->
</testng-results>
